#
# There is insufficient memory for the Java Runtime Environment to continue.
# Native memory allocation (malloc) failed to allocate 32744 bytes for ChunkPool::allocate
# Possible reasons:
#   The system is out of physical RAM or swap space
#   In 32 bit mode, the process size limit was hit
# Possible solutions:
#   Reduce memory load on the system
#   Increase physical memory or swap space
#   Check if swap backing store is full
#   Use 64 bit Java on a 64 bit OS
#   Decrease Java heap size (-Xmx/-Xms)
#   Decrease number of Java threads
#   Decrease Java thread stack sizes (-Xss)
#   Set larger code cache with -XX:ReservedCodeCacheSize=
# This output file may be truncated or incomplete.
#
#  Out of Memory Error (allocation.cpp:273), pid=13816, tid=12864
#
# JRE version: Java(TM) SE Runtime Environment (8.0_25-b18) (build 1.8.0_25-b18)
# Java VM: Java HotSpot(TM) 64-Bit Server VM (25.25-b02 mixed mode windows-amd64 compressed oops)
# Failed to write core dump. Minidumps are not enabled by default on client versions of Windows
#

---------------  T H R E A D  ---------------

Current thread (0x000000001721e000):  JavaThread "C1 CompilerThread2" daemon [_thread_in_native, id=12864, stack(0x0000000019020000,0x0000000019120000)]

Stack: [0x0000000019020000,0x0000000019120000]
Native frames: (J=compiled Java code, j=interpreted, Vv=VM code, C=native code)
V  [jvm.dll+0x31667a]


Current CompileTask:
C1:   1641 1026   !   3       java.awt.DefaultKeyboardFocusManager::dispatchEvent (1589 bytes)


---------------  P R O C E S S  ---------------

Java Threads: ( => current thread )
  0x0000000019afe800 JavaThread "D3D Screen Updater" daemon [_thread_blocked, id=15388, stack(0x000000001d960000,0x000000001da60000)]
  0x000000001958a000 JavaThread "org.netbeans.modules.debugger.jpda.visual AWT Access Loop" daemon [_thread_blocked, id=5628, stack(0x000000001aeb0000,0x000000001afb0000)]
  0x0000000000fe3800 JavaThread "DestroyJavaVM" [_thread_blocked, id=14772, stack(0x0000000000e40000,0x0000000000f40000)]
  0x0000000019578800 JavaThread "AWT-EventQueue-0" [_thread_in_native, id=7612, stack(0x000000001adb0000,0x000000001aeb0000)]
  0x0000000019508000 JavaThread "AWT-Windows" daemon [_thread_in_vm, id=14052, stack(0x0000000019e20000,0x0000000019f20000)]
  0x0000000019507000 JavaThread "AWT-Shutdown" [_thread_blocked, id=5952, stack(0x0000000019d20000,0x0000000019e20000)]
  0x0000000019506000 JavaThread "Java2D Disposer" daemon [_thread_blocked, id=15508, stack(0x0000000019c20000,0x0000000019d20000)]
  0x0000000018b62800 JavaThread "Service Thread" daemon [_thread_blocked, id=2992, stack(0x0000000019120000,0x0000000019220000)]
=>0x000000001721e000 JavaThread "C1 CompilerThread2" daemon [_thread_in_native, id=12864, stack(0x0000000019020000,0x0000000019120000)]
  0x000000001721d000 JavaThread "C2 CompilerThread1" daemon [_thread_blocked, id=11200, stack(0x0000000018f20000,0x0000000019020000)]
  0x00000000171e6000 JavaThread "C2 CompilerThread0" daemon [_thread_blocked, id=6612, stack(0x0000000018a20000,0x0000000018b20000)]
  0x00000000171d6800 JavaThread "JDWP Command Reader" daemon [_thread_in_native, id=11316, stack(0x0000000018920000,0x0000000018a20000)]
  0x00000000171d5000 JavaThread "JDWP Event Helper Thread" daemon [_thread_blocked, id=284, stack(0x0000000018820000,0x0000000018920000)]
  0x00000000171c4000 JavaThread "JDWP Transport Listener: dt_shmem" daemon [_thread_blocked, id=15020, stack(0x0000000018720000,0x0000000018820000)]
  0x00000000171bf800 JavaThread "Attach Listener" daemon [_thread_blocked, id=11820, stack(0x0000000018620000,0x0000000018720000)]
  0x00000000171be000 JavaThread "Signal Dispatcher" daemon [_thread_blocked, id=16360, stack(0x0000000018520000,0x0000000018620000)]
  0x00000000010d8000 JavaThread "Finalizer" daemon [_thread_blocked, id=13560, stack(0x0000000018420000,0x0000000018520000)]
  0x00000000010cf000 JavaThread "Reference Handler" daemon [_thread_blocked, id=13496, stack(0x0000000018320000,0x0000000018420000)]

Other Threads:
  0x0000000017186800 VMThread [stack: 0x0000000018220000,0x0000000018320000] [id=16432]
  0x0000000018b64800 WatcherThread [stack: 0x0000000019220000,0x0000000019320000] [id=6976]

VM state:not at safepoint (normal execution)

VM Mutex/Monitor currently owned by a thread: None

Heap:
 PSYoungGen      total 38400K, used 26647K [0x00000000d5f00000, 0x00000000d8980000, 0x0000000100000000)
  eden space 33280K, 80% used [0x00000000d5f00000,0x00000000d7905e48,0x00000000d7f80000)
  from space 5120K, 0% used [0x00000000d8480000,0x00000000d8480000,0x00000000d8980000)
  to   space 5120K, 0% used [0x00000000d7f80000,0x00000000d7f80000,0x00000000d8480000)
 ParOldGen       total 87552K, used 0K [0x0000000081c00000, 0x0000000087180000, 0x00000000d5f00000)
  object space 87552K, 0% used [0x0000000081c00000,0x0000000081c00000,0x0000000087180000)
 Metaspace       used 13257K, capacity 13498K, committed 13824K, reserved 1060864K
  class space    used 1719K, capacity 1777K, committed 1792K, reserved 1048576K

Card table byte_map: [0x0000000001550000,0x0000000001950000] byte_map_base: 0x0000000001142000

Marking Bits: (ParMarkBitMap*) 0x0000000077f7d490
 Begin Bits: [0x0000000012500000, 0x0000000014490000)
 End Bits:   [0x0000000014490000, 0x0000000016420000)

Polling page: 0x0000000000a70000

CodeCache: size=245760Kb used=3610Kb max_used=3610Kb free=242149Kb
 bounds [0x0000000003400000, 0x0000000003790000, 0x0000000012400000]
 total_blobs=1517 nmethods=1023 adapters=416
 compilation: enabled

Compilation events (10 events):
Event: 1.613 Thread 0x000000001721e000 nmethod 1021 0x0000000003786ad0 code [0x0000000003786c20, 0x0000000003786db0]
Event: 1.613 Thread 0x000000001721e000 1022       3       java.util.IdentityHashMap::hash (18 bytes)
Event: 1.613 Thread 0x000000001721e000 nmethod 1022 0x0000000003786e10 code [0x0000000003786f80, 0x0000000003787108]
Event: 1.613 Thread 0x000000001721e000 1023   !   3       java.awt.Container::dispatchEventImpl (129 bytes)
Event: 1.614 Thread 0x000000001721e000 nmethod 1023 0x0000000003787190 code [0x00000000037873a0, 0x0000000003787eb8]
Event: 1.614 Thread 0x000000001721e000 1024       3       java.awt.EventQueue::setCurrentEventAndMostRecentTime (8 bytes)
Event: 1.615 Thread 0x000000001721e000 nmethod 1024 0x0000000003788250 code [0x0000000003788420, 0x0000000003788a78]
Event: 1.615 Thread 0x000000001721e000 1025       3       sun.awt.AWTAutoShutdown::getInstance (4 bytes)
Event: 1.615 Thread 0x000000001721e000 nmethod 1025 0x0000000003788dd0 code [0x0000000003788f20, 0x0000000003789050]
Event: 1.615 Thread 0x000000001721e000 1026   !   3       java.awt.DefaultKeyboardFocusManager::dispatchEvent (1589 bytes)

GC Heap History (0 events):
No events

Deoptimization events (5 events):
Event: 1.249 Thread 0x0000000019578800 Uncommon trap: reason=unreached action=reinterpret pc=0x0000000003623cfc method=java.util.HashMap.putVal(ILjava/lang/Object;Ljava/lang/Object;ZZ)Ljava/lang/Object; @ 109
Event: 1.413 Thread 0x0000000019578800 Uncommon trap: reason=class_check action=maybe_recompile pc=0x00000000035de71c method=java.lang.String.equals(Ljava/lang/Object;)Z @ 8
Event: 1.418 Thread 0x0000000019578800 Uncommon trap: reason=class_check action=maybe_recompile pc=0x00000000035de71c method=java.lang.String.equals(Ljava/lang/Object;)Z @ 8
Event: 1.427 Thread 0x0000000019578800 Uncommon trap: reason=class_check action=maybe_recompile pc=0x00000000035de71c method=java.lang.String.equals(Ljava/lang/Object;)Z @ 8
Event: 1.427 Thread 0x0000000019578800 Uncommon trap: reason=class_check action=maybe_recompile pc=0x00000000035de71c method=java.lang.String.equals(Ljava/lang/Object;)Z @ 8

Internal exceptions (10 events):
Event: 1.078 Thread 0x0000000019578800 Exception <a 'java/security/PrivilegedActionException'> (0x00000000d6be1358) thrown at [D:\re\workspace\8-2-build-windows-amd64-cygwin\jdk8u25\1677\hotspot\src\share\vm\prims\jvm.cpp, line 1312]
Event: 1.079 Thread 0x0000000019578800 Exception <a 'java/security/PrivilegedActionException'> (0x00000000d6bf23d0) thrown at [D:\re\workspace\8-2-build-windows-amd64-cygwin\jdk8u25\1677\hotspot\src\share\vm\prims\jvm.cpp, line 1312]
Event: 1.087 Thread 0x0000000019578800 Exception <a 'java/security/PrivilegedActionException'> (0x00000000d6cd87f0) thrown at [D:\re\workspace\8-2-build-windows-amd64-cygwin\jdk8u25\1677\hotspot\src\share\vm\prims\jvm.cpp, line 1312]
Event: 1.089 Thread 0x0000000019578800 Exception <a 'java/security/PrivilegedActionException'> (0x00000000d6d0ffb8) thrown at [D:\re\workspace\8-2-build-windows-amd64-cygwin\jdk8u25\1677\hotspot\src\share\vm\prims\jvm.cpp, line 1312]
Event: 1.091 Thread 0x0000000019578800 Exception <a 'java/security/PrivilegedActionException'> (0x00000000d6d558b8) thrown at [D:\re\workspace\8-2-build-windows-amd64-cygwin\jdk8u25\1677\hotspot\src\share\vm\prims\jvm.cpp, line 1312]
Event: 1.094 Thread 0x0000000019578800 Exception <a 'java/security/PrivilegedActionException'> (0x00000000d6d99cf0) thrown at [D:\re\workspace\8-2-build-windows-amd64-cygwin\jdk8u25\1677\hotspot\src\share\vm\prims\jvm.cpp, line 1312]
Event: 1.095 Thread 0x0000000019578800 Exception <a 'java/security/PrivilegedActionException'> (0x00000000d6daadb8) thrown at [D:\re\workspace\8-2-build-windows-amd64-cygwin\jdk8u25\1677\hotspot\src\share\vm\prims\jvm.cpp, line 1312]
Event: 1.096 Thread 0x0000000019578800 Exception <a 'java/security/PrivilegedActionException'> (0x00000000d6dbbe80) thrown at [D:\re\workspace\8-2-build-windows-amd64-cygwin\jdk8u25\1677\hotspot\src\share\vm\prims\jvm.cpp, line 1312]
Event: 1.097 Thread 0x0000000019578800 Exception <a 'java/security/PrivilegedActionException'> (0x00000000d6dcd020) thrown at [D:\re\workspace\8-2-build-windows-amd64-cygwin\jdk8u25\1677\hotspot\src\share\vm\prims\jvm.cpp, line 1312]
Event: 1.098 Thread 0x0000000019578800 Exception <a 'java/security/PrivilegedActionException'> (0x00000000d6dde060) thrown at [D:\re\workspace\8-2-build-windows-amd64-cygwin\jdk8u25\1677\hotspot\src\share\vm\prims\jvm.cpp, line 1312]

Events (10 events):
Event: 1.613 loading class java/awt/LightweightDispatcher$1
Event: 1.613 loading class java/awt/LightweightDispatcher$1 done
Event: 1.614 loading class java/awt/AWTEvent$2
Event: 1.614 loading class java/awt/AWTEvent$2 done
Event: 1.614 loading class sun/reflect/UnsafeBooleanFieldAccessorImpl
Event: 1.614 loading class sun/reflect/UnsafeBooleanFieldAccessorImpl done
Event: 1.615 loading class javax/swing/RepaintManager$3
Event: 1.615 loading class javax/swing/RepaintManager$3 done
Event: 1.616 loading class java/util/concurrent/locks/LockSupport
Event: 1.616 loading class java/util/concurrent/locks/LockSupport done


Dynamic libraries:
0x00007ff79b290000 - 0x00007ff79b2c4000 	C:\Program Files\Java\jdk1.8.0_25\jre\bin\java.exe
0x00007fffde230000 - 0x00007fffde3dd000 	C:\Windows\SYSTEM32\ntdll.dll
0x00007fffddb60000 - 0x00007fffddc9e000 	C:\Windows\system32\KERNEL32.DLL
0x00007fffdb4b0000 - 0x00007fffdb5c5000 	C:\Windows\system32\KERNELBASE.dll
0x00007fffd9f20000 - 0x00007fffd9fae000 	C:\Windows\system32\apphelp.dll
0x00007fffd1490000 - 0x00007fffd14e3000 	C:\Windows\AppPatch\AppPatch64\AcGenral.DLL
0x00007fffdd7d0000 - 0x00007fffdd87a000 	C:\Windows\system32\msvcrt.dll
0x00007fffdb480000 - 0x00007fffdb4ae000 	C:\Windows\system32\SspiCli.dll
0x00007fffdd770000 - 0x00007fffdd7c4000 	C:\Windows\system32\SHLWAPI.dll
0x00007fffdd5f0000 - 0x00007fffdd767000 	C:\Windows\system32\USER32.dll
0x00007fffdd880000 - 0x00007fffdda14000 	C:\Windows\system32\ole32.dll
0x00007fffdbc70000 - 0x00007fffdd199000 	C:\Windows\system32\SHELL32.dll
0x00007fffda920000 - 0x00007fffda941000 	C:\Windows\SYSTEM32\USERENV.dll
0x00007fffde170000 - 0x00007fffde21a000 	C:\Windows\system32\ADVAPI32.dll
0x00007fffd1bf0000 - 0x00007fffd1c0e000 	C:\Windows\SYSTEM32\MPR.dll
0x00007fffddca0000 - 0x00007fffddde0000 	C:\Windows\system32\RPCRT4.dll
0x00007fffddb00000 - 0x00007fffddb59000 	C:\Windows\SYSTEM32\sechost.dll
0x00007fffdd300000 - 0x00007fffdd512000 	C:\Windows\SYSTEM32\combase.dll
0x00007fffddde0000 - 0x00007fffddf2b000 	C:\Windows\system32\GDI32.dll
0x00007fffdb360000 - 0x00007fffdb375000 	C:\Windows\SYSTEM32\profapi.dll
0x00007fffd9bb0000 - 0x00007fffd9c62000 	C:\Windows\SYSTEM32\SHCORE.dll
0x00007fffdb930000 - 0x00007fffdb966000 	C:\Windows\system32\IMM32.DLL
0x00007fffdd1a0000 - 0x00007fffdd2f1000 	C:\Windows\system32\MSCTF.dll
0x00007fffd9470000 - 0x00007fffd96eb000 	C:\Windows\WinSxS\amd64_microsoft.windows.common-controls_6595b64144ccf1df_6.0.9600.18006_none_623f33d3ecbe86e8\COMCTL32.dll
0x0000000052210000 - 0x00000000522e2000 	C:\Program Files\Java\jdk1.8.0_25\jre\bin\msvcr100.dll
0x00000000777a0000 - 0x0000000077ffa000 	C:\Program Files\Java\jdk1.8.0_25\jre\bin\server\jvm.dll
0x00007fffd3230000 - 0x00007fffd3239000 	C:\Windows\SYSTEM32\WSOCK32.dll
0x00007fffd3b70000 - 0x00007fffd3b92000 	C:\Windows\SYSTEM32\WINMM.dll
0x00007fffdda20000 - 0x00007fffdda27000 	C:\Windows\system32\PSAPI.DLL
0x00007fffde110000 - 0x00007fffde16a000 	C:\Windows\system32\WS2_32.dll
0x00007fffd3b40000 - 0x00007fffd3b6a000 	C:\Windows\SYSTEM32\WINMMBASE.dll
0x00007fffde220000 - 0x00007fffde229000 	C:\Windows\system32\NSI.dll
0x00007fffdb430000 - 0x00007fffdb47f000 	C:\Windows\SYSTEM32\cfgmgr32.dll
0x00007fffda170000 - 0x00007fffda198000 	C:\Windows\SYSTEM32\DEVOBJ.dll
0x00000000521c0000 - 0x00000000521cf000 	C:\Program Files\Java\jdk1.8.0_25\jre\bin\verify.dll
0x0000000050400000 - 0x0000000050428000 	C:\Program Files\Java\jdk1.8.0_25\jre\bin\java.dll
0x0000000076a90000 - 0x0000000076ac5000 	C:\Program Files\Java\jdk1.8.0_25\jre\bin\jdwp.dll
0x0000000077690000 - 0x0000000077698000 	C:\Program Files\Java\jdk1.8.0_25\jre\bin\npt.dll
0x00000000503e0000 - 0x00000000503f6000 	C:\Program Files\Java\jdk1.8.0_25\jre\bin\zip.dll
0x0000000050070000 - 0x000000005007b000 	C:\Program Files\Java\jdk1.8.0_25\jre\bin\dt_shmem.dll
0x0000000050200000 - 0x0000000050398000 	C:\Program Files\Java\jdk1.8.0_25\jre\bin\awt.dll
0x00007fffdd520000 - 0x00007fffdd5e6000 	C:\Windows\system32\OLEAUT32.dll
0x00007fffd9ff0000 - 0x00007fffda119000 	C:\Windows\system32\uxtheme.dll
0x00007fffd99b0000 - 0x00007fffd99d1000 	C:\Windows\system32\dwmapi.dll
0x00007fffda1c0000 - 0x00007fffda1cb000 	C:\Windows\SYSTEM32\kernel.appcore.dll
0x00007fffdb230000 - 0x00007fffdb23b000 	C:\Windows\SYSTEM32\CRYPTBASE.dll
0x00007fffdb1c0000 - 0x00007fffdb223000 	C:\Windows\SYSTEM32\bcryptPrimitives.dll
0x00000000501b0000 - 0x00000000501f7000 	C:\Program Files\Java\jdk1.8.0_25\jre\bin\fontmanager.dll
0x00007fffcc0d0000 - 0x00007fffcc2f1000 	C:\Windows\system32\d3d9.dll
0x00007fffd41b0000 - 0x00007fffd41ba000 	C:\Windows\SYSTEM32\VERSION.dll
0x00007fffb4620000 - 0x00007fffb5dc7000 	C:\Windows\SYSTEM32\igdumdim64.dll
0x00007fffd78f0000 - 0x00007fffd82d4000 	C:\Windows\SYSTEM32\igdusc64.dll
0x00007fffdb980000 - 0x00007fffdba36000 	C:\Windows\SYSTEM32\clbcatq.dll
0x00007fffd6e00000 - 0x00007fffd6fae000 	C:\Windows\SYSTEM32\WindowsCodecs.dll
0x00007fffdad40000 - 0x00007fffdad60000 	C:\Windows\SYSTEM32\CRYPTSP.dll
0x00007fffda7c0000 - 0x00007fffda7f6000 	C:\Windows\system32\rsaenh.dll
0x00007fffdaea0000 - 0x00007fffdaec6000 	C:\Windows\SYSTEM32\bcrypt.dll
0x00000000503c0000 - 0x00000000503da000 	C:\Program Files\Java\jdk1.8.0_25\jre\bin\net.dll
0x00007fffdabc0000 - 0x00007fffdac19000 	C:\Windows\system32\mswsock.dll
0x00000000503a0000 - 0x00000000503b1000 	C:\Program Files\Java\jdk1.8.0_25\jre\bin\nio.dll
0x0000000050160000 - 0x00000000501a1000 	C:\Program Files\Java\jdk1.8.0_25\jre\bin\t2k.dll
0x0000000050120000 - 0x000000005014a000 	C:\Program Files\Java\jdk1.8.0_25\jre\bin\dcpr.dll

VM Arguments:
jvm_args: -Xdebug -Xrunjdwp:transport=dt_shmem,address=javadebug -Dfile.encoding=UTF-8 
java_command: form.Lancamento
java_class_path (initial): C:\Program Files\NetBeans 8.0\java\modules\ext\hibernate4\hibernate-jpamodelgen-4.3.1.Final.jar;C:\Program Files\NetBeans 8.0\java\modules\ext\hibernate4\antlr-2.7.7.jar;C:\Program Files\NetBeans 8.0\java\modules\ext\hibernate4\c3p0-0.9.2.1.jar;C:\Program Files\NetBeans 8.0\java\modules\ext\hibernate4\hibernate-c3p0-4.3.1.Final.jar;C:\Program Files\NetBeans 8.0\java\modules\ext\hibernate4\mchange-commons-java-0.2.3.4.jar;C:\Program Files\NetBeans 8.0\java\modules\ext\hibernate4\dom4j-1.6.1.jar;C:\Program Files\NetBeans 8.0\java\modules\ext\hibernate4\ehcache-core-2.4.3.jar;C:\Program Files\NetBeans 8.0\java\modules\ext\hibernate4\hibernate-ehcache-4.3.1.Final.jar;C:\Program Files\NetBeans 8.0\java\modules\ext\hibernate4\hibernate-core-4.3.1.Final.jar;C:\Program Files\NetBeans 8.0\java\modules\ext\hibernate4\jboss-logging-3.1.3.GA.jar;C:\Program Files\NetBeans 8.0\java\modules\ext\hibernate4\hibernate-commons-annotations-4.0.4.Final.jar;C:\Program Files\NetBeans 8.0\java\modules\ext\hibernate4\hibernate-entitymanager-4.3.1.Final.jar;C:\Program Files\NetBeans 8.0\java\modules\ext\hibernate4\javassist-3.18.1-GA.jar;C:\Program Files\NetBeans 8.0\java\modules\ext\hibernate4\jboss-transaction-api_1.2_spec-1.0.0.Final.jar;C:\Program Files\NetBeans 8.0\java\modules\ext\hibernate4\slf4j-api-1.6.1.jar;C:\Program Files\NetBeans 8.0\java\modules\ext\hibernate4\slf4j-simple-1.6.1.jar;C:\Program Files\NetBeans 8.0\java\modules\ext\AbsoluteLayout.jar;C:\Program Files\NetBeans 8.0\ide\modules\ext\mysql-connector-java-5.1.23-bin.jar;C:\Program Files\NetBeans 8.0\java\modules\ext\hibernate4\hibernate-jpa-2.1-api-1.0.0.Final.jar;C:\Users\matheus\Desktop\postgresql-9.4.1209.zip;C:\Program Files\NetBeans 8.0\ide\modules\ext\postgresql-9.2-1002.jdbc4.jar;C:\Users\matheus\Desktop\postgresql-9.4.1209.jar;C:\Users\matheus\Downloads\jasperreports-javaflow-5.0.0.jar;C:\Users\matheus\Downloads\commons-logging-1.2-bin\commons-logging-1.2\commons-logging-1.2-javadoc.
Launcher Type: SUN_STANDARD

Environment Variables:
JAVA_HOME=C:\Program Files\Java\jdk1.8.0_25
PATH=C:\Program Files\NVIDIA GPU Computing Toolkit\CUDA\v8.0\bin;C:\Program Files\NVIDIA GPU Computing Toolkit\CUDA\v8.0\libnvvp;C:\Program Files (x86)\Intel\iCLS Client\;C:\Program Files\Intel\iCLS Client\;C:\ProgramData\Oracle\Java\javapath;C:\Windows\system32;C:\Windows;C:\Windows\System32\Wbem;C:\Windows\System32\WindowsPowerShell\v1.0\;C:\Program Files (x86)\Windows Kits\8.1\Windows Performance Toolkit\;C:\Program Files\Microsoft SQL Server\110\Tools\Binn\;C:\Program Files\Intel\Intel(R) Management Engine Components\DAL;C:\Program Files\Intel\Intel(R) Management Engine Components\IPT;C:\Program Files (x86)\Intel\Intel(R) Management Engine Components\DAL;C:\Program Files (x86)\Intel\Intel(R) Management Engine Components\IPT;C:\Program Files\SQL Anywhere 11\bin64;C:\Program Files\SQL Anywhere 11\bin32;C:\Program Files\Java\jdk1.8.0_25\bin;C:\Program Files\Microsoft\Web Platform Installer\;C:\Program Files (x86)\Microsoft SDKs\TypeScript\1.0\;C:\Program Files\Microsoft SQL Server\120\Tools\Binn\;C:\Program Files (x86)\NVIDIA Corporation\PhysX\Common;C:\Program Files\Microsoft SQL Server\130\Tools\Binn\;C:\Program Files\nodejs\;C:\Users\matheus\AppData\Local\atom\bin;C:\Users\matheus\AppData\Roaming\npm
USERNAME=matheus
OS=Windows_NT
PROCESSOR_IDENTIFIER=Intel64 Family 6 Model 69 Stepping 1, GenuineIntel



---------------  S Y S T E M  ---------------

OS: Windows 8.1 , 64 bit Build 9600 

CPU:total 4 (2 cores per cpu, 2 threads per core) family 6 model 69 stepping 1, cmov, cx8, fxsr, mmx, sse, sse2, sse3, ssse3, sse4.1, sse4.2, popcnt, avx, avx2, aes, clmul, erms, lzcnt, ht, tsc, tscinvbit, bmi1, bmi2

Memory: 4k page, physical 8270188k(1203960k free), swap 11415916k(4952k free)

vm_info: Java HotSpot(TM) 64-Bit Server VM (25.25-b02) for windows-amd64 JRE (1.8.0_25-b18), built on Oct  7 2014 14:25:37 by "java_re" with MS VC++ 10.0 (VS2010)

time: Sat Nov 25 00:06:27 2017
elapsed time: 1 seconds (0d 0h 0m 1s)

